<?xml version="1.0" encoding="UTF-8"?>
<!-- Generated by org.testng.reporters.JUnitXMLReporter -->
<testsuite ignored="0" hostname="USER-PC" failures="0" tests="3" name="Default test" time="0.098" errors="0" timestamp="2024-10-11T13:01:08 IST">
  <testcase classname="seleniumtest.TestNGpriority" name="Installeclipse" time="0.016"/>
  <testcase classname="seleniumtest.TestNGpriority" name="Addmavendependency" time="0.003"/>
  <testcase classname="seleniumtest.TestNGpriority" name="AddtestNG" time="0.002"/>
</testsuite> <!-- Default test -->
