<?xml version="1.0" encoding="UTF-8"?>
<testng-results ignored="0" total="3" passed="3" failed="0" skipped="0">
  <reporter-output>
  </reporter-output>
  <suite started-at="2024-10-11T13:01:08 IST" name="Default suite" finished-at="2024-10-11T13:01:08 IST" duration-ms="98">
    <groups>
    </groups>
    <test started-at="2024-10-11T13:01:08 IST" name="Default test" finished-at="2024-10-11T13:01:08 IST" duration-ms="98">
      <class name="seleniumtest.TestNGpriority">
        <test-method signature="Installeclipse()[pri:0, instance:seleniumtest.TestNGpriority@750e2b97]" started-at="2024-10-11T13:01:08 IST" name="Installeclipse" finished-at="2024-10-11T13:01:08 IST" duration-ms="16" status="PASS">
          <reporter-output>
          </reporter-output>
        </test-method> <!-- Installeclipse -->
        <test-method signature="Addmavendependency()[pri:1, instance:seleniumtest.TestNGpriority@750e2b97]" started-at="2024-10-11T13:01:08 IST" name="Addmavendependency" finished-at="2024-10-11T13:01:08 IST" duration-ms="3" status="PASS">
          <reporter-output>
          </reporter-output>
        </test-method> <!-- Addmavendependency -->
        <test-method signature="AddtestNG()[pri:2, instance:seleniumtest.TestNGpriority@750e2b97]" started-at="2024-10-11T13:01:08 IST" name="AddtestNG" finished-at="2024-10-11T13:01:08 IST" duration-ms="2" status="PASS">
          <reporter-output>
          </reporter-output>
        </test-method> <!-- AddtestNG -->
      </class> <!-- seleniumtest.TestNGpriority -->
    </test> <!-- Default test -->
  </suite> <!-- Default suite -->
</testng-results>
